0 verbose cli /usr/local/nodejs/18.17.1/bin/node /usr/local/nodejs/18.17.1/bin/npm
1 info using npm@9.6.7
2 info using node@v18.17.1
3 timing npm:load:whichnode Completed in 2ms
4 timing config:load:defaults Completed in 1ms
5 timing config:load:file:/usr/local/nodejs/18.17.1/lib/node_modules/npm/npmrc Completed in 1ms
6 timing config:load:builtin Completed in 1ms
7 timing config:load:cli Completed in 2ms
8 timing config:load:env Completed in 0ms
9 timing config:load:file:/s/parsons/g/under/ramscuse/cs414/t53/client/.npmrc Completed in 0ms
10 timing config:load:project Completed in 2ms
11 timing config:load:file:/s/parsons/g/under/ramscuse/.npmrc Completed in 0ms
12 timing config:load:user Completed in 0ms
13 timing config:load:file:/s/parsons/g/under/ramscuse/cs414/t53/client/etc/npmrc Completed in 0ms
14 timing config:load:global Completed in 0ms
15 timing config:load:setEnvs Completed in 1ms
16 timing config:load Completed in 8ms
17 timing npm:load:configload Completed in 8ms
18 timing npm:load:mkdirpcache Completed in 2ms
19 timing npm:load:mkdirplogs Completed in 0ms
20 verbose title npm run devClient
21 verbose argv "run" "devClient"
22 timing npm:load:setTitle Completed in 0ms
23 timing config:load:flatten Completed in 2ms
24 timing npm:load:display Completed in 4ms
25 verbose logfile logs-max:10 dir:/s/parsons/g/under/ramscuse/.npm/_logs/2023-09-28T17_03_37_104Z-
26 verbose logfile /s/parsons/g/under/ramscuse/.npm/_logs/2023-09-28T17_03_37_104Z-debug-0.log
27 timing npm:load:logFile Completed in 8ms
28 timing npm:load:timers Completed in 0ms
29 timing npm:load:configScope Completed in 0ms
30 timing npm:load Completed in 26ms
31 silly logfile done cleaning log files
