0 verbose cli /usr/local/nodejs/18.17.1/bin/node /usr/local/nodejs/18.17.1/bin/npm
1 info using npm@9.6.7
2 info using node@v18.17.1
3 timing npm:load:whichnode Completed in 1ms
4 timing config:load:defaults Completed in 1ms
5 timing config:load:file:/usr/local/nodejs/18.17.1/lib/node_modules/npm/npmrc Completed in 1ms
6 timing config:load:builtin Completed in 1ms
7 timing config:load:cli Completed in 3ms
8 timing config:load:env Completed in 0ms
9 timing config:load:file:/s/parsons/g/under/ramscuse/cs414/t53/client/.npmrc Completed in 1ms
10 timing config:load:project Completed in 3ms
11 timing config:load:file:/s/parsons/g/under/ramscuse/.npmrc Completed in 0ms
12 timing config:load:user Completed in 0ms
13 timing config:load:file:/s/parsons/g/under/ramscuse/cs414/t53/client/etc/npmrc Completed in 1ms
14 timing config:load:global Completed in 1ms
15 timing config:load:setEnvs Completed in 0ms
16 timing config:load Completed in 9ms
17 timing npm:load:configload Completed in 9ms
18 timing npm:load:mkdirpcache Completed in 1ms
19 timing npm:load:mkdirplogs Completed in 1ms
20 verbose title npm run test
21 verbose argv "run" "test" "--prefix" "/s/parsons/g/under/ramscuse/cs414/t53/client"
22 timing npm:load:setTitle Completed in 1ms
23 timing config:load:flatten Completed in 3ms
24 timing npm:load:display Completed in 3ms
25 verbose logfile logs-max:10 dir:/s/parsons/g/under/ramscuse/.npm/_logs/2023-09-27T16_33_12_616Z-
26 verbose logfile /s/parsons/g/under/ramscuse/.npm/_logs/2023-09-27T16_33_12_616Z-debug-0.log
27 timing npm:load:logFile Completed in 9ms
28 timing npm:load:timers Completed in 0ms
29 timing npm:load:configScope Completed in 0ms
30 timing npm:load Completed in 26ms
31 silly logfile done cleaning log files
32 timing command:run Completed in 6719ms
33 verbose exit 0
34 timing npm Completed in 6770ms
35 info ok
