0 info it worked if it ends with ok
1 verbose cli [
1 verbose cli   '/usr/bin/node',
1 verbose cli   '/bin/npm',
1 verbose cli   'run',
1 verbose cli   'test',
1 verbose cli   '--prefix',
1 verbose cli   '/s/parsons/g/under/ramscuse/cs414/t53/client'
1 verbose cli ]
2 info using npm@6.14.16
3 info using node@v12.22.12
4 verbose run-script [ 'pretest', 'test', 'posttest' ]
5 info lifecycle @~pretest: @
6 info lifecycle @~test: @
7 verbose lifecycle @~test: unsafe-perm in lifecycle true
8 verbose lifecycle @~test: PATH: /usr/lib/node_modules/npm/node_modules/npm-lifecycle/node-gyp-bin:/s/parsons/g/under/ramscuse/cs414/t53/client/node_modules/.bin:/s/parsons/g/under/ramscuse/bin:/bin:/usr/bin:/sbin:/usr/sbin:/usr/local/bin:.
9 verbose lifecycle @~test: CWD: /s/parsons/g/under/ramscuse/cs414/t53/client
10 silly lifecycle @~test: Args: [
10 silly lifecycle   '-c',
10 silly lifecycle   'jest --coverageDirectory=${BUILD_DIRECTORY_PREFIX}/target/coverage/client/'
10 silly lifecycle ]
11 silly lifecycle @~test: Returned: code: 1  signal: null
12 info lifecycle @~test: Failed to exec test script
13 verbose stack Error: @ test: `jest --coverageDirectory=${BUILD_DIRECTORY_PREFIX}/target/coverage/client/`
13 verbose stack Exit status 1
13 verbose stack     at EventEmitter.<anonymous> (/usr/lib/node_modules/npm/node_modules/npm-lifecycle/index.js:332:16)
13 verbose stack     at EventEmitter.emit (events.js:314:20)
13 verbose stack     at ChildProcess.<anonymous> (/usr/lib/node_modules/npm/node_modules/npm-lifecycle/lib/spawn.js:55:14)
13 verbose stack     at ChildProcess.emit (events.js:314:20)
13 verbose stack     at maybeClose (internal/child_process.js:1022:16)
13 verbose stack     at Process.ChildProcess._handle.onexit (internal/child_process.js:287:5)
14 verbose pkgid @
15 verbose cwd /s/parsons/g/under/ramscuse/cs414/t53
16 verbose Linux 4.18.0-477.21.1.el8_8.x86_64
17 verbose argv "/usr/bin/node" "/bin/npm" "run" "test" "--prefix" "/s/parsons/g/under/ramscuse/cs414/t53/client"
18 verbose node v12.22.12
19 verbose npm  v6.14.16
20 error code ELIFECYCLE
21 error errno 1
22 error @ test: `jest --coverageDirectory=${BUILD_DIRECTORY_PREFIX}/target/coverage/client/`
22 error Exit status 1
23 error Failed at the @ test script.
23 error This is probably not a problem with npm. There is likely additional logging output above.
24 verbose exit [ 1, true ]
